e:\cis660\particle\hlsystem\x64\release64\vc141.pdb
e:\cis660\particle\hlsystem\x64\release64\sop_sparticle.obj
e:\cis660\particle\hlsystem\x64\release64\sop_detailattrib.obj
e:\cis660\particle\hlsystem\x64\release64\sop_surface.obj
e:\cis660\particle\hlsystem\x64\release64\vec.obj
e:\cis660\particle\hlsystem\x64\release64\main.obj
e:\cis660\particle\hlsystem\x64\release64\lsystem.obj
e:\cis660\particle2\hlsystem\x64\release64\vc141.pdb
e:\cis660\particle2\hlsystem\x64\release64\vec.obj
e:\cis660\particle2\hlsystem\x64\release64\main.obj
e:\cis660\particle2\hlsystem\x64\release64\sop_sparticle.obj
c:\pluginhoudini\particle_release64.dll
e:\cis660\particle2\output\particle.pdb
e:\cis660\particle\output\particle.lib
e:\cis660\particle\output\particle.exp
e:\cis660\particle2\output\particle.lib
e:\cis660\particle2\output\particle.exp
e:\cis660\particle2\hlsystem\x64\release64\lsystem.obj
e:\cis660\particle2\hlsystem\x64\release64\sop_detailattrib.obj
e:\cis660\particle2\hlsystem\x64\release64\sop_surface.obj
e:\cis660\particle2\hlsystem\x64\release64\particle.tlog\cl.command.1.tlog
e:\cis660\particle2\hlsystem\x64\release64\particle.tlog\cl.read.1.tlog
e:\cis660\particle2\hlsystem\x64\release64\particle.tlog\cl.write.1.tlog
e:\cis660\particle2\hlsystem\x64\release64\particle.tlog\link.command.1.tlog
e:\cis660\particle2\hlsystem\x64\release64\particle.tlog\link.read.1.tlog
e:\cis660\particle2\hlsystem\x64\release64\particle.tlog\link.write.1.tlog
e:\cis660\particle2\hlsystem\x64\release64\particle.tlog\particle.write.1u.tlog
